mode: set
github.com/bordenet/codebase-reviewer/pkg/logger/logger.go:32.32,34.13 2 1
github.com/bordenet/codebase-reviewer/pkg/logger/logger.go:34.13,36.3 1 1
github.com/bordenet/codebase-reviewer/pkg/logger/logger.go:38.2,41.3 1 1
github.com/bordenet/codebase-reviewer/pkg/logger/logger.go:45.55,47.13 2 1
github.com/bordenet/codebase-reviewer/pkg/logger/logger.go:47.13,49.3 1 1
github.com/bordenet/codebase-reviewer/pkg/logger/logger.go:51.2,54.3 1 1
github.com/bordenet/codebase-reviewer/pkg/logger/logger.go:58.60,59.27 1 1
github.com/bordenet/codebase-reviewer/pkg/logger/logger.go:59.27,61.3 1 1
github.com/bordenet/codebase-reviewer/pkg/logger/logger.go:65.59,66.26 1 1
github.com/bordenet/codebase-reviewer/pkg/logger/logger.go:66.26,68.3 1 1
github.com/bordenet/codebase-reviewer/pkg/logger/logger.go:72.59,73.26 1 1
github.com/bordenet/codebase-reviewer/pkg/logger/logger.go:73.26,75.3 1 1
github.com/bordenet/codebase-reviewer/pkg/logger/logger.go:79.60,80.27 1 1
github.com/bordenet/codebase-reviewer/pkg/logger/logger.go:80.27,82.3 1 1
github.com/bordenet/codebase-reviewer/pkg/logger/logger.go:85.65,89.2 3 1
github.com/bordenet/codebase-reviewer/pkg/logger/logger.go:92.40,94.2 1 1
github.com/bordenet/codebase-reviewer/pkg/learnings/learnings.go:156.44,158.16 2 1
github.com/bordenet/codebase-reviewer/pkg/learnings/learnings.go:158.16,159.25 1 1
github.com/bordenet/codebase-reviewer/pkg/learnings/learnings.go:159.25,161.4 1 1
github.com/bordenet/codebase-reviewer/pkg/learnings/learnings.go:162.3,162.67 1 0
github.com/bordenet/codebase-reviewer/pkg/learnings/learnings.go:165.2,166.49 2 1
github.com/bordenet/codebase-reviewer/pkg/learnings/learnings.go:166.49,168.3 1 1
github.com/bordenet/codebase-reviewer/pkg/learnings/learnings.go:170.2,170.16 1 1
github.com/bordenet/codebase-reviewer/pkg/learnings/learnings.go:174.45,177.47 2 1
github.com/bordenet/codebase-reviewer/pkg/learnings/learnings.go:177.47,179.3 1 0
github.com/bordenet/codebase-reviewer/pkg/learnings/learnings.go:181.2,182.16 2 1
github.com/bordenet/codebase-reviewer/pkg/learnings/learnings.go:182.16,184.3 1 0
github.com/bordenet/codebase-reviewer/pkg/learnings/learnings.go:186.2,186.55 1 1
github.com/bordenet/codebase-reviewer/pkg/learnings/learnings.go:186.55,188.3 1 0
github.com/bordenet/codebase-reviewer/pkg/learnings/learnings.go:190.2,190.12 1 1
github.com/bordenet/codebase-reviewer/pkg/learnings/learnings.go:194.32,203.2 1 1
github.com/bordenet/codebase-reviewer/pkg/learnings/regeneration.go:98.32,148.2 2 1
github.com/bordenet/codebase-reviewer/pkg/learnings/regeneration.go:151.81,153.53 1 1
github.com/bordenet/codebase-reviewer/pkg/learnings/regeneration.go:153.53,155.3 1 0
github.com/bordenet/codebase-reviewer/pkg/learnings/regeneration.go:158.2,160.16 3 1
github.com/bordenet/codebase-reviewer/pkg/learnings/regeneration.go:160.16,162.3 1 0
github.com/bordenet/codebase-reviewer/pkg/learnings/regeneration.go:163.2,163.63 1 1
github.com/bordenet/codebase-reviewer/pkg/learnings/regeneration.go:163.63,165.3 1 0
github.com/bordenet/codebase-reviewer/pkg/learnings/regeneration.go:168.2,170.70 3 1
github.com/bordenet/codebase-reviewer/pkg/learnings/regeneration.go:170.70,172.3 1 0
github.com/bordenet/codebase-reviewer/pkg/learnings/regeneration.go:174.2,174.12 1 1
github.com/bordenet/codebase-reviewer/pkg/learnings/regeneration.go:177.56,179.65 2 1
github.com/bordenet/codebase-reviewer/pkg/learnings/regeneration.go:179.65,181.3 1 1
github.com/bordenet/codebase-reviewer/pkg/learnings/regeneration.go:182.2,182.69 1 1
github.com/bordenet/codebase-reviewer/pkg/learnings/regeneration.go:182.69,184.3 1 1
github.com/bordenet/codebase-reviewer/pkg/learnings/regeneration.go:185.2,185.16 1 1
github.com/bordenet/codebase-reviewer/pkg/learnings/regeneration.go:188.105,201.2 2 1
github.com/bordenet/codebase-reviewer/pkg/learnings/regeneration.go:203.72,225.2 1 1
github.com/bordenet/codebase-reviewer/pkg/learnings/regeneration.go:227.66,229.37 2 1
github.com/bordenet/codebase-reviewer/pkg/learnings/regeneration.go:229.37,230.64 1 1
github.com/bordenet/codebase-reviewer/pkg/learnings/regeneration.go:230.64,232.4 1 1
github.com/bordenet/codebase-reviewer/pkg/learnings/regeneration.go:234.2,234.21 1 1
github.com/bordenet/codebase-reviewer/pkg/learnings/regeneration.go:238.59,261.58 16 1
github.com/bordenet/codebase-reviewer/pkg/learnings/regeneration.go:261.58,263.65 2 1
github.com/bordenet/codebase-reviewer/pkg/learnings/regeneration.go:263.65,265.4 1 1
github.com/bordenet/codebase-reviewer/pkg/learnings/regeneration.go:266.3,266.22 1 1
github.com/bordenet/codebase-reviewer/pkg/learnings/regeneration.go:268.2,268.53 1 1
github.com/bordenet/codebase-reviewer/pkg/learnings/regeneration.go:268.53,270.60 2 1
github.com/bordenet/codebase-reviewer/pkg/learnings/regeneration.go:270.60,272.4 1 1
github.com/bordenet/codebase-reviewer/pkg/learnings/regeneration.go:273.3,273.22 1 1
github.com/bordenet/codebase-reviewer/pkg/learnings/regeneration.go:275.2,275.54 1 1
github.com/bordenet/codebase-reviewer/pkg/learnings/regeneration.go:275.54,277.61 2 1
github.com/bordenet/codebase-reviewer/pkg/learnings/regeneration.go:277.61,279.4 1 1
github.com/bordenet/codebase-reviewer/pkg/learnings/regeneration.go:280.3,280.22 1 1
github.com/bordenet/codebase-reviewer/pkg/learnings/regeneration.go:284.2,285.60 2 1
github.com/bordenet/codebase-reviewer/pkg/learnings/regeneration.go:285.60,287.67 2 1
github.com/bordenet/codebase-reviewer/pkg/learnings/regeneration.go:287.67,289.4 1 1
github.com/bordenet/codebase-reviewer/pkg/learnings/regeneration.go:290.3,290.22 1 1
github.com/bordenet/codebase-reviewer/pkg/learnings/regeneration.go:294.2,297.38 4 1
github.com/bordenet/codebase-reviewer/pkg/learnings/regeneration.go:297.38,301.45 4 1
github.com/bordenet/codebase-reviewer/pkg/learnings/regeneration.go:301.45,303.54 2 1
github.com/bordenet/codebase-reviewer/pkg/learnings/regeneration.go:303.54,305.5 1 1
github.com/bordenet/codebase-reviewer/pkg/learnings/regeneration.go:307.3,307.22 1 1
github.com/bordenet/codebase-reviewer/pkg/learnings/regeneration.go:310.2,310.19 1 1
github.com/bordenet/codebase-reviewer/internal/scanner/scanner.go:22.78,25.86 2 1
github.com/bordenet/codebase-reviewer/internal/scanner/scanner.go:25.86,26.17 1 1
github.com/bordenet/codebase-reviewer/internal/scanner/scanner.go:26.17,29.4 2 0
github.com/bordenet/codebase-reviewer/internal/scanner/scanner.go:32.3,32.93 1 1
github.com/bordenet/codebase-reviewer/internal/scanner/scanner.go:32.93,34.4 1 0
github.com/bordenet/codebase-reviewer/internal/scanner/scanner.go:37.3,37.44 1 1
github.com/bordenet/codebase-reviewer/internal/scanner/scanner.go:37.44,53.4 6 1
github.com/bordenet/codebase-reviewer/internal/scanner/scanner.go:55.3,55.13 1 1
github.com/bordenet/codebase-reviewer/internal/scanner/scanner.go:58.2,58.16 1 1
github.com/bordenet/codebase-reviewer/internal/scanner/scanner.go:58.16,60.3 1 0
github.com/bordenet/codebase-reviewer/internal/scanner/scanner.go:62.2,62.19 1 1
github.com/bordenet/codebase-reviewer/internal/scanner/scanner.go:66.42,70.2 3 1
github.com/bordenet/codebase-reviewer/internal/scanner/scanner.go:73.90,83.87 3 1
github.com/bordenet/codebase-reviewer/internal/scanner/scanner.go:83.87,84.17 1 1
github.com/bordenet/codebase-reviewer/internal/scanner/scanner.go:84.17,86.4 1 0
github.com/bordenet/codebase-reviewer/internal/scanner/scanner.go:89.3,89.19 1 1
github.com/bordenet/codebase-reviewer/internal/scanner/scanner.go:89.19,91.39 2 1
github.com/bordenet/codebase-reviewer/internal/scanner/scanner.go:91.39,93.5 1 1
github.com/bordenet/codebase-reviewer/internal/scanner/scanner.go:94.4,94.87 1 1
github.com/bordenet/codebase-reviewer/internal/scanner/scanner.go:94.87,96.5 1 1
github.com/bordenet/codebase-reviewer/internal/scanner/scanner.go:99.3,99.20 1 1
github.com/bordenet/codebase-reviewer/internal/scanner/scanner.go:99.20,101.17 2 1
github.com/bordenet/codebase-reviewer/internal/scanner/scanner.go:101.17,105.53 2 1
github.com/bordenet/codebase-reviewer/internal/scanner/scanner.go:105.53,107.6 1 1
github.com/bordenet/codebase-reviewer/internal/scanner/scanner.go:109.4,109.25 1 1
github.com/bordenet/codebase-reviewer/internal/scanner/scanner.go:112.3,112.13 1 1
github.com/bordenet/codebase-reviewer/internal/scanner/scanner.go:115.2,115.16 1 1
github.com/bordenet/codebase-reviewer/internal/scanner/scanner.go:115.16,117.3 1 0
github.com/bordenet/codebase-reviewer/internal/scanner/scanner.go:119.2,119.22 1 1
github.com/bordenet/codebase-reviewer/internal/scanner/scanner.go:169.45,171.2 1 1
github.com/bordenet/codebase-reviewer/internal/scanner/scanner.go:174.55,178.39 3 1
github.com/bordenet/codebase-reviewer/internal/scanner/scanner.go:178.39,179.23 1 1
github.com/bordenet/codebase-reviewer/internal/scanner/scanner.go:179.23,182.4 2 1
github.com/bordenet/codebase-reviewer/internal/scanner/scanner.go:185.2,185.16 1 1
github.com/bordenet/codebase-reviewer/cmd/generate-docs/main.go:28.27,38.2 9 0
github.com/bordenet/codebase-reviewer/cmd/generate-docs/main.go:40.13,43.14 2 0
github.com/bordenet/codebase-reviewer/cmd/generate-docs/main.go:43.14,46.3 2 0
github.com/bordenet/codebase-reviewer/cmd/generate-docs/main.go:48.2,51.16 3 0
github.com/bordenet/codebase-reviewer/cmd/generate-docs/main.go:51.16,55.3 3 0
github.com/bordenet/codebase-reviewer/cmd/generate-docs/main.go:57.2,57.47 1 0
github.com/bordenet/codebase-reviewer/cmd/generate-docs/main.go:57.47,60.3 2 0
github.com/bordenet/codebase-reviewer/cmd/generate-docs/main.go:64.42,66.20 2 0
github.com/bordenet/codebase-reviewer/cmd/generate-docs/main.go:66.20,68.3 1 0
github.com/bordenet/codebase-reviewer/cmd/generate-docs/main.go:70.2,71.16 2 0
github.com/bordenet/codebase-reviewer/cmd/generate-docs/main.go:71.16,73.3 1 0
github.com/bordenet/codebase-reviewer/cmd/generate-docs/main.go:75.2,75.52 1 0
github.com/bordenet/codebase-reviewer/cmd/generate-docs/main.go:75.52,77.3 1 0
github.com/bordenet/codebase-reviewer/cmd/generate-docs/main.go:79.2,79.21 1 0
github.com/bordenet/codebase-reviewer/cmd/generate-docs/main.go:83.65,91.53 7 0
github.com/bordenet/codebase-reviewer/cmd/generate-docs/main.go:91.53,93.3 1 0
github.com/bordenet/codebase-reviewer/cmd/generate-docs/main.go:95.2,96.16 2 0
github.com/bordenet/codebase-reviewer/cmd/generate-docs/main.go:96.16,98.3 1 0
github.com/bordenet/codebase-reviewer/cmd/generate-docs/main.go:100.2,101.16 2 0
github.com/bordenet/codebase-reviewer/cmd/generate-docs/main.go:101.16,103.3 1 0
github.com/bordenet/codebase-reviewer/cmd/generate-docs/main.go:104.2,106.57 2 0
github.com/bordenet/codebase-reviewer/cmd/generate-docs/main.go:106.57,110.3 3 0
github.com/bordenet/codebase-reviewer/cmd/generate-docs/main.go:112.2,112.16 1 0
github.com/bordenet/codebase-reviewer/cmd/generate-docs/main.go:112.16,114.3 1 0
github.com/bordenet/codebase-reviewer/cmd/generate-docs/main.go:116.2,116.60 1 0
github.com/bordenet/codebase-reviewer/cmd/generate-docs/main.go:120.93,123.16 3 0
github.com/bordenet/codebase-reviewer/cmd/generate-docs/main.go:123.16,125.3 1 0
github.com/bordenet/codebase-reviewer/cmd/generate-docs/main.go:127.2,127.21 1 0
github.com/bordenet/codebase-reviewer/cmd/generate-docs/main.go:127.21,131.3 3 0
github.com/bordenet/codebase-reviewer/cmd/generate-docs/main.go:133.2,134.29 2 0
github.com/bordenet/codebase-reviewer/cmd/generate-docs/main.go:134.29,136.3 1 0
github.com/bordenet/codebase-reviewer/cmd/generate-docs/main.go:137.2,137.19 1 0
github.com/bordenet/codebase-reviewer/cmd/generate-docs/main.go:141.92,143.65 2 0
github.com/bordenet/codebase-reviewer/cmd/generate-docs/main.go:143.65,146.3 2 0
github.com/bordenet/codebase-reviewer/cmd/generate-docs/main.go:147.2,148.12 2 0
github.com/bordenet/codebase-reviewer/cmd/generate-docs/main.go:152.122,155.16 3 0
github.com/bordenet/codebase-reviewer/cmd/generate-docs/main.go:155.16,157.3 1 0
github.com/bordenet/codebase-reviewer/cmd/generate-docs/main.go:159.2,160.12 2 0
github.com/bordenet/codebase-reviewer/cmd/generate-docs/main.go:164.79,182.2 17 0
github.com/bordenet/codebase-reviewer/cmd/generate-docs/main.go:184.19,188.2 3 0
github.com/bordenet/codebase-reviewer/cmd/generate-docs/main.go:190.18,220.2 29 0
github.com/bordenet/codebase-reviewer/cmd/generate-docs/main.go:222.51,225.16 2 0
github.com/bordenet/codebase-reviewer/cmd/generate-docs/main.go:225.16,227.3 1 0
github.com/bordenet/codebase-reviewer/cmd/generate-docs/main.go:229.2,233.85 3 0
github.com/bordenet/codebase-reviewer/cmd/generate-docs/main.go:233.85,235.3 1 0
github.com/bordenet/codebase-reviewer/cmd/generate-docs/main.go:237.2,237.12 1 0
github.com/bordenet/codebase-reviewer/cmd/generate-docs/main.go:241.93,245.12 3 0
github.com/bordenet/codebase-reviewer/cmd/generate-docs/main.go:245.12,246.47 1 0
github.com/bordenet/codebase-reviewer/cmd/generate-docs/main.go:246.47,248.50 2 0
github.com/bordenet/codebase-reviewer/cmd/generate-docs/main.go:248.50,250.5 1 0
github.com/bordenet/codebase-reviewer/cmd/generate-docs/main.go:254.2,254.53 1 0
github.com/bordenet/codebase-reviewer/cmd/generate-docs/main.go:254.53,256.3 1 0
github.com/bordenet/codebase-reviewer/cmd/generate-docs/main.go:258.2,258.23 1 0
github.com/bordenet/codebase-reviewer/cmd/generate-docs/main.go:261.40,265.2 3 0
github.com/bordenet/codebase-reviewer/cmd/generate-docs/main.go:267.96,271.2 1 0
github.com/bordenet/codebase-reviewer/internal/prompt/generator.go:18.138,24.16 4 0
github.com/bordenet/codebase-reviewer/internal/prompt/generator.go:24.16,26.3 1 0
github.com/bordenet/codebase-reviewer/internal/prompt/generator.go:29.2,30.70 2 0
github.com/bordenet/codebase-reviewer/internal/prompt/generator.go:30.70,32.3 1 0
github.com/bordenet/codebase-reviewer/internal/prompt/generator.go:34.2,38.29 3 0
github.com/bordenet/codebase-reviewer/internal/prompt/generator.go:38.29,40.17 2 0
github.com/bordenet/codebase-reviewer/internal/prompt/generator.go:40.17,42.12 2 0
github.com/bordenet/codebase-reviewer/internal/prompt/generator.go:44.3,44.40 1 0
github.com/bordenet/codebase-reviewer/internal/prompt/generator.go:47.2,54.16 4 0
github.com/bordenet/codebase-reviewer/internal/prompt/generator.go:54.16,56.3 1 0
github.com/bordenet/codebase-reviewer/internal/prompt/generator.go:59.2,60.73 2 0
github.com/bordenet/codebase-reviewer/internal/prompt/generator.go:60.73,62.3 1 0
github.com/bordenet/codebase-reviewer/internal/prompt/generator.go:64.2,69.16 4 0
github.com/bordenet/codebase-reviewer/internal/prompt/generator.go:69.16,71.3 1 0
github.com/bordenet/codebase-reviewer/internal/prompt/generator.go:72.2,72.63 1 0
github.com/bordenet/codebase-reviewer/internal/prompt/generator.go:72.63,74.3 1 0
github.com/bordenet/codebase-reviewer/internal/prompt/generator.go:76.2,76.24 1 0
github.com/bordenet/codebase-reviewer/internal/prompt/generator.go:79.169,84.36 3 1
github.com/bordenet/codebase-reviewer/internal/prompt/generator.go:84.36,90.47 6 1
github.com/bordenet/codebase-reviewer/internal/prompt/generator.go:90.47,92.4 1 1
github.com/bordenet/codebase-reviewer/internal/prompt/generator.go:96.2,99.12 3 1
github.com/bordenet/codebase-reviewer/internal/prompt/generator.go:99.12,101.3 1 1
github.com/bordenet/codebase-reviewer/internal/prompt/generator.go:103.2,111.3 1 1
github.com/bordenet/codebase-reviewer/internal/prompt/generator.go:114.98,117.16 2 1
github.com/bordenet/codebase-reviewer/internal/prompt/generator.go:117.16,119.3 1 0
github.com/bordenet/codebase-reviewer/internal/prompt/generator.go:121.2,124.31 2 1
github.com/bordenet/codebase-reviewer/internal/prompt/generator.go:124.31,127.3 2 1
github.com/bordenet/codebase-reviewer/internal/prompt/generator.go:130.2,150.26 20 1
github.com/bordenet/codebase-reviewer/internal/prompt/generator.go:154.70,213.16 3 1
github.com/bordenet/codebase-reviewer/internal/prompt/generator.go:213.16,215.3 1 0
github.com/bordenet/codebase-reviewer/internal/prompt/generator.go:217.2,218.50 2 1
github.com/bordenet/codebase-reviewer/internal/prompt/generator.go:218.50,220.3 1 0
github.com/bordenet/codebase-reviewer/internal/prompt/generator.go:222.2,222.26 1 1
